<?xml version="1.0" encoding="UTF-8"?>
<!-- Generated by org.testng.reporters.JUnitReportReporter -->
<testsuite hostname="DESKTOP-ML32JVN" name="TestCases.TestCases" tests="2" failures="0" timestamp="5 May 2018 20:30:45 GMT" time="44.507" errors="0">
  <testcase name="TestCase1" time="38.238" classname="TestCases.TestCases"/>
  <testcase name="TestCase2" time="6.269" classname="TestCases.TestCases"/>
</testsuite> <!-- TestCases.TestCases -->
