<?xml version="1.0" encoding="UTF-8"?>
<!-- Generated by org.testng.reporters.JUnitReportReporter -->
<testsuite hostname="DESKTOP-ML32JVN" name="TestCases.TestCases" tests="2" failures="0" timestamp="7 May 2018 04:03:42 GMT" time="17.779" errors="0">
  <testcase name="TestCase2" time="5.819" classname="TestCases.TestCases"/>
  <testcase name="TestCase1" time="11.960" classname="TestCases.TestCases"/>
</testsuite> <!-- TestCases.TestCases -->
